<?xml version="1.0" encoding="UTF-8"?>
<!-- Generated by org.testng.reporters.JUnitXMLReporter -->
<testsuite ignored="3" hostname="ETHAN_ALEX" failures="0" tests="1" name="Default test" time="10.083" errors="0" timestamp="2025-02-05T14:22:40 IST">
  <testcase classname="testscript.LoginTest" name="verifyTheUserIsAbleToLoginUsingInvalidCredentials2" time="2.958"/>
  <testcase classname="testscript.LoginTest" name="verifyTheUserIsAbleToLoginUsingInvalidCredentials1" time="0.0">
    <ignored/>
  </testcase> <!-- verifyTheUserIsAbleToLoginUsingInvalidCredentials1 -->
  <testcase classname="testscript.LoginTest" name="verifyTheUserIsAbleToLoginUsingValidCredentials" time="0.0">
    <ignored/>
  </testcase> <!-- verifyTheUserIsAbleToLoginUsingValidCredentials -->
  <testcase classname="testscript.LoginTest" name="verifyTheUserIsAbleToLoginUsingInvalidCredentials3" time="0.0">
    <ignored/>
  </testcase> <!-- verifyTheUserIsAbleToLoginUsingInvalidCredentials3 -->
</testsuite> <!-- Default test -->
