<?xml version="1.0" encoding="UTF-8"?>
<testng-results ignored="0" total="1" passed="1" failed="0" skipped="0">
  <reporter-output>
  </reporter-output>
  <suite started-at="2025-02-11T15:05:26 IST" name="Suite" finished-at="2025-02-11T15:05:37 IST" duration-ms="10697">
    <groups>
    </groups>
    <test started-at="2025-02-11T15:05:26 IST" name="Test" finished-at="2025-02-11T15:05:37 IST" duration-ms="10697">
      <class name="testscript.LoginTest">
        <test-method is-config="true" signature="initializeBrowser(java.lang.String)[pri:0, instance:testscript.LoginTest@c05fddc]" started-at="2025-02-11T15:05:26 IST" name="initializeBrowser" finished-at="2025-02-11T15:05:34 IST" duration-ms="7550" status="PASS">
          <params>
            <param index="0">
              <value>
                <![CDATA[Chrome]]>
              </value>
            </param>
          </params>
          <reporter-output>
          </reporter-output>
        </test-method> <!-- initializeBrowser -->
        <test-method signature="verifyTheUserIsAbleToLoginUsingValidCredentials()[pri:0, instance:testscript.LoginTest@c05fddc]" started-at="2025-02-11T15:05:34 IST" name="verifyTheUserIsAbleToLoginUsingValidCredentials" finished-at="2025-02-11T15:05:37 IST" duration-ms="3087" status="PASS">
          <reporter-output>
          </reporter-output>
        </test-method> <!-- verifyTheUserIsAbleToLoginUsingValidCredentials -->
        <test-method is-config="true" signature="quitAndClose()[pri:0, instance:testscript.LoginTest@c05fddc]" started-at="2025-02-11T15:05:37 IST" name="quitAndClose" finished-at="2025-02-11T15:05:37 IST" duration-ms="1" status="PASS">
          <reporter-output>
          </reporter-output>
        </test-method> <!-- quitAndClose -->
      </class> <!-- testscript.LoginTest -->
    </test> <!-- Test -->
  </suite> <!-- Suite -->
</testng-results>
