<?xml version="1.0" encoding="UTF-8"?>
<!-- Generated by org.testng.reporters.JUnitXMLReporter -->
<testsuite ignored="1" hostname="ETHAN_ALEX" failures="0" tests="3" name="FirefoxTest" time="23.247" errors="0" timestamp="2025-02-10T15:15:44 IST">
  <testcase classname="testscript.LoginTest" name="verifyTheUserIsAbleToLoginUsingInvalidCredentials2" time="0.565"/>
  <testcase classname="testscript.LoginTest" name="verifyTheUserIsAbleToLoginUsingInvalidCredentials3" time="0.835"/>
  <testcase classname="testscript.LoginTest" name="verifyTheUserIsAbleToLoginUsingValidCredentials" time="1.708"/>
  <testcase classname="testscript.LoginTest" name="verifyTheUserIsAbleToLoginUsingInvalidCredentials1" time="0.0">
    <ignored/>
  </testcase> <!-- verifyTheUserIsAbleToLoginUsingInvalidCredentials1 -->
</testsuite> <!-- FirefoxTest -->
